{"/home/prosper/Desktop/Last_Fall/FSE/team_project/f24-fse-rw-project-rw1/src/controllers/ChatPrivatelyController.js": {"path":"/home/prosper/Desktop/Last_Fall/FSE/team_project/f24-fse-rw-project-rw1/src/controllers/ChatPrivatelyController.js","statementMap":{"0":{"start":{"line":2,"column":4},"end":{"line":113,"column":6}},"1":{"start":{"line":4,"column":41},"end":{"line":4,"column":51}},"2":{"start":{"line":6,"column":8},"end":{"line":23,"column":9}},"3":{"start":{"line":7,"column":24},"end":{"line":7,"column":67}},"4":{"start":{"line":8,"column":24},"end":{"line":8,"column":67}},"5":{"start":{"line":10,"column":10},"end":{"line":12,"column":11}},"6":{"start":{"line":11,"column":12},"end":{"line":11,"column":84}},"7":{"start":{"line":14,"column":27},"end":{"line":14,"column":100}},"8":{"start":{"line":16,"column":10},"end":{"line":20,"column":11}},"9":{"start":{"line":17,"column":12},"end":{"line":17,"column":68}},"10":{"start":{"line":19,"column":12},"end":{"line":19,"column":63}},"11":{"start":{"line":22,"column":10},"end":{"line":22,"column":59}},"12":{"start":{"line":27,"column":64},"end":{"line":27,"column":72}},"13":{"start":{"line":29,"column":8},"end":{"line":52,"column":9}},"14":{"start":{"line":30,"column":25},"end":{"line":30,"column":74}},"15":{"start":{"line":31,"column":27},"end":{"line":31,"column":78}},"16":{"start":{"line":33,"column":10},"end":{"line":35,"column":11}},"17":{"start":{"line":34,"column":12},"end":{"line":34,"column":84}},"18":{"start":{"line":37,"column":26},"end":{"line":41,"column":12}},"19":{"start":{"line":44,"column":10},"end":{"line":44,"column":54}},"20":{"start":{"line":46,"column":10},"end":{"line":49,"column":13}},"21":{"start":{"line":51,"column":10},"end":{"line":51,"column":59}},"22":{"start":{"line":56,"column":8},"end":{"line":56,"column":56}},"23":{"start":{"line":60,"column":41},"end":{"line":60,"column":51}},"24":{"start":{"line":62,"column":8},"end":{"line":75,"column":9}},"25":{"start":{"line":63,"column":24},"end":{"line":63,"column":67}},"26":{"start":{"line":64,"column":24},"end":{"line":64,"column":67}},"27":{"start":{"line":66,"column":10},"end":{"line":68,"column":11}},"28":{"start":{"line":67,"column":12},"end":{"line":67,"column":84}},"29":{"start":{"line":70,"column":27},"end":{"line":70,"column":100}},"30":{"start":{"line":72,"column":10},"end":{"line":72,"column":41}},"31":{"start":{"line":74,"column":10},"end":{"line":74,"column":59}},"32":{"start":{"line":79,"column":41},"end":{"line":79,"column":51}},"33":{"start":{"line":81,"column":8},"end":{"line":94,"column":9}},"34":{"start":{"line":82,"column":24},"end":{"line":82,"column":67}},"35":{"start":{"line":83,"column":24},"end":{"line":83,"column":67}},"36":{"start":{"line":85,"column":10},"end":{"line":87,"column":11}},"37":{"start":{"line":86,"column":12},"end":{"line":86,"column":84}},"38":{"start":{"line":89,"column":32},"end":{"line":89,"column":98}},"39":{"start":{"line":91,"column":10},"end":{"line":91,"column":46}},"40":{"start":{"line":93,"column":10},"end":{"line":93,"column":59}},"41":{"start":{"line":98,"column":29},"end":{"line":98,"column":39}},"42":{"start":{"line":100,"column":8},"end":{"line":111,"column":9}},"43":{"start":{"line":101,"column":23},"end":{"line":101,"column":65}},"44":{"start":{"line":102,"column":10},"end":{"line":104,"column":11}},"45":{"start":{"line":103,"column":12},"end":{"line":103,"column":71}},"46":{"start":{"line":106,"column":30},"end":{"line":106,"column":88}},"47":{"start":{"line":108,"column":10},"end":{"line":108,"column":44}},"48":{"start":{"line":110,"column":10},"end":{"line":110,"column":59}},"49":{"start":{"line":116,"column":2},"end":{"line":116,"column":49}}},"fnMap":{"0":{"name":"createChatPrivatelyController","decl":{"start":{"line":1,"column":9},"end":{"line":1,"column":38}},"loc":{"start":{"line":1,"column":79},"end":{"line":114,"column":3}},"line":1},"1":{"name":"(anonymous_1)","decl":{"start":{"line":3,"column":6},"end":{"line":3,"column":7}},"loc":{"start":{"line":3,"column":42},"end":{"line":24,"column":7}},"line":3},"2":{"name":"(anonymous_2)","decl":{"start":{"line":26,"column":6},"end":{"line":26,"column":7}},"loc":{"start":{"line":26,"column":34},"end":{"line":53,"column":7}},"line":26},"3":{"name":"(anonymous_3)","decl":{"start":{"line":55,"column":6},"end":{"line":55,"column":7}},"loc":{"start":{"line":55,"column":40},"end":{"line":57,"column":7}},"line":55},"4":{"name":"(anonymous_4)","decl":{"start":{"line":59,"column":6},"end":{"line":59,"column":7}},"loc":{"start":{"line":59,"column":41},"end":{"line":76,"column":7}},"line":59},"5":{"name":"(anonymous_5)","decl":{"start":{"line":78,"column":6},"end":{"line":78,"column":7}},"loc":{"start":{"line":78,"column":36},"end":{"line":95,"column":7}},"line":78},"6":{"name":"(anonymous_6)","decl":{"start":{"line":97,"column":6},"end":{"line":97,"column":7}},"loc":{"start":{"line":97,"column":43},"end":{"line":112,"column":7}},"line":97}},"branchMap":{"0":{"loc":{"start":{"line":10,"column":10},"end":{"line":12,"column":11}},"type":"if","locations":[{"start":{"line":10,"column":10},"end":{"line":12,"column":11}},{"start":{},"end":{}}],"line":10},"1":{"loc":{"start":{"line":10,"column":14},"end":{"line":10,"column":30}},"type":"binary-expr","locations":[{"start":{"line":10,"column":14},"end":{"line":10,"column":20}},{"start":{"line":10,"column":24},"end":{"line":10,"column":30}}],"line":10},"2":{"loc":{"start":{"line":16,"column":10},"end":{"line":20,"column":11}},"type":"if","locations":[{"start":{"line":16,"column":10},"end":{"line":20,"column":11}},{"start":{"line":18,"column":17},"end":{"line":20,"column":11}}],"line":16},"3":{"loc":{"start":{"line":33,"column":10},"end":{"line":35,"column":11}},"type":"if","locations":[{"start":{"line":33,"column":10},"end":{"line":35,"column":11}},{"start":{},"end":{}}],"line":33},"4":{"loc":{"start":{"line":33,"column":14},"end":{"line":33,"column":34}},"type":"binary-expr","locations":[{"start":{"line":33,"column":14},"end":{"line":33,"column":21}},{"start":{"line":33,"column":25},"end":{"line":33,"column":34}}],"line":33},"5":{"loc":{"start":{"line":66,"column":10},"end":{"line":68,"column":11}},"type":"if","locations":[{"start":{"line":66,"column":10},"end":{"line":68,"column":11}},{"start":{},"end":{}}],"line":66},"6":{"loc":{"start":{"line":66,"column":14},"end":{"line":66,"column":30}},"type":"binary-expr","locations":[{"start":{"line":66,"column":14},"end":{"line":66,"column":20}},{"start":{"line":66,"column":24},"end":{"line":66,"column":30}}],"line":66},"7":{"loc":{"start":{"line":85,"column":10},"end":{"line":87,"column":11}},"type":"if","locations":[{"start":{"line":85,"column":10},"end":{"line":87,"column":11}},{"start":{},"end":{}}],"line":85},"8":{"loc":{"start":{"line":85,"column":14},"end":{"line":85,"column":30}},"type":"binary-expr","locations":[{"start":{"line":85,"column":14},"end":{"line":85,"column":20}},{"start":{"line":85,"column":24},"end":{"line":85,"column":30}}],"line":85},"9":{"loc":{"start":{"line":102,"column":10},"end":{"line":104,"column":11}},"type":"if","locations":[{"start":{"line":102,"column":10},"end":{"line":104,"column":11}},{"start":{},"end":{}}],"line":102}},"s":{"0":2,"1":2,"2":2,"3":2,"4":2,"5":2,"6":0,"7":2,"8":2,"9":1,"10":1,"11":0,"12":0,"13":0,"14":0,"15":0,"16":0,"17":0,"18":0,"19":0,"20":0,"21":0,"22":0,"23":0,"24":0,"25":0,"26":0,"27":0,"28":0,"29":0,"30":0,"31":0,"32":0,"33":0,"34":0,"35":0,"36":0,"37":0,"38":0,"39":0,"40":0,"41":0,"42":0,"43":0,"44":0,"45":0,"46":0,"47":0,"48":0,"49":1},"f":{"0":2,"1":2,"2":0,"3":0,"4":0,"5":0,"6":0},"b":{"0":[0,2],"1":[2,2],"2":[1,1],"3":[0,0],"4":[0,0],"5":[0,0],"6":[0,0],"7":[0,0],"8":[0,0],"9":[0,0]},"_coverageSchema":"1a1c01bbd47fc00a2c39e90264f33305004495a9","hash":"a53249042572a753ac8f878423f6e36a9c5cae64"}
,"/home/prosper/Desktop/Last_Fall/FSE/team_project/f24-fse-rw-project-rw1/src/controllers/MessageController.js": {"path":"/home/prosper/Desktop/Last_Fall/FSE/team_project/f24-fse-rw-project-rw1/src/controllers/MessageController.js","statementMap":{"0":{"start":{"line":2,"column":2},"end":{"line":59,"column":4}},"1":{"start":{"line":4,"column":26},"end":{"line":4,"column":34}},"2":{"start":{"line":5,"column":21},"end":{"line":5,"column":33}},"3":{"start":{"line":6,"column":19},"end":{"line":6,"column":53}},"4":{"start":{"line":8,"column":6},"end":{"line":10,"column":7}},"5":{"start":{"line":9,"column":8},"end":{"line":9,"column":80}},"6":{"start":{"line":12,"column":6},"end":{"line":31,"column":7}},"7":{"start":{"line":13,"column":27},"end":{"line":16,"column":10}},"8":{"start":{"line":18,"column":21},"end":{"line":21,"column":9}},"9":{"start":{"line":23,"column":8},"end":{"line":23,"column":35}},"10":{"start":{"line":25,"column":8},"end":{"line":28,"column":11}},"11":{"start":{"line":30,"column":8},"end":{"line":30,"column":57}},"12":{"start":{"line":36,"column":6},"end":{"line":38,"column":9}},"13":{"start":{"line":37,"column":8},"end":{"line":37,"column":55}},"14":{"start":{"line":42,"column":6},"end":{"line":48,"column":7}},"15":{"start":{"line":43,"column":23},"end":{"line":43,"column":56}},"16":{"start":{"line":44,"column":25},"end":{"line":44,"column":71}},"17":{"start":{"line":45,"column":8},"end":{"line":45,"column":27}},"18":{"start":{"line":47,"column":8},"end":{"line":47,"column":57}},"19":{"start":{"line":52,"column":6},"end":{"line":57,"column":7}},"20":{"start":{"line":53,"column":25},"end":{"line":53,"column":62}},"21":{"start":{"line":54,"column":8},"end":{"line":54,"column":27}},"22":{"start":{"line":56,"column":8},"end":{"line":56,"column":57}},"23":{"start":{"line":62,"column":0},"end":{"line":62,"column":41}}},"fnMap":{"0":{"name":"createMessageController","decl":{"start":{"line":1,"column":9},"end":{"line":1,"column":32}},"loc":{"start":{"line":1,"column":83},"end":{"line":60,"column":1}},"line":1},"1":{"name":"(anonymous_1)","decl":{"start":{"line":3,"column":4},"end":{"line":3,"column":5}},"loc":{"start":{"line":3,"column":32},"end":{"line":32,"column":5}},"line":3},"2":{"name":"(anonymous_2)","decl":{"start":{"line":35,"column":4},"end":{"line":35,"column":5}},"loc":{"start":{"line":35,"column":29},"end":{"line":39,"column":5}},"line":35},"3":{"name":"(anonymous_3)","decl":{"start":{"line":36,"column":39},"end":{"line":36,"column":40}},"loc":{"start":{"line":36,"column":51},"end":{"line":38,"column":7}},"line":36},"4":{"name":"(anonymous_4)","decl":{"start":{"line":41,"column":4},"end":{"line":41,"column":5}},"loc":{"start":{"line":41,"column":38},"end":{"line":49,"column":5}},"line":41},"5":{"name":"(anonymous_5)","decl":{"start":{"line":51,"column":4},"end":{"line":51,"column":5}},"loc":{"start":{"line":51,"column":35},"end":{"line":58,"column":5}},"line":51}},"branchMap":{"0":{"loc":{"start":{"line":8,"column":6},"end":{"line":10,"column":7}},"type":"if","locations":[{"start":{"line":8,"column":6},"end":{"line":10,"column":7}},{"start":{},"end":{}}],"line":8},"1":{"loc":{"start":{"line":43,"column":23},"end":{"line":43,"column":56}},"type":"binary-expr","locations":[{"start":{"line":43,"column":23},"end":{"line":43,"column":40}},{"start":{"line":43,"column":44},"end":{"line":43,"column":56}}],"line":43}},"s":{"0":2,"1":2,"2":2,"3":2,"4":2,"5":1,"6":1,"7":1,"8":1,"9":1,"10":1,"11":0,"12":1,"13":0,"14":0,"15":0,"16":0,"17":0,"18":0,"19":0,"20":0,"21":0,"22":0,"23":1},"f":{"0":2,"1":2,"2":1,"3":0,"4":0,"5":0},"b":{"0":[1,1],"1":[0,0]},"_coverageSchema":"1a1c01bbd47fc00a2c39e90264f33305004495a9","hash":"63eb9c44c736754bb7dc261d8fd7c3c8845434dc"}
,"/home/prosper/Desktop/Last_Fall/FSE/team_project/f24-fse-rw-project-rw1/src/controllers/StatusController.js": {"path":"/home/prosper/Desktop/Last_Fall/FSE/team_project/f24-fse-rw-project-rw1/src/controllers/StatusController.js","statementMap":{"0":{"start":{"line":2,"column":4},"end":{"line":44,"column":6}},"1":{"start":{"line":4,"column":41},"end":{"line":4,"column":51}},"2":{"start":{"line":5,"column":29},"end":{"line":5,"column":37}},"3":{"start":{"line":7,"column":8},"end":{"line":24,"column":9}},"4":{"start":{"line":9,"column":23},"end":{"line":9,"column":65}},"5":{"start":{"line":10,"column":10},"end":{"line":12,"column":11}},"6":{"start":{"line":11,"column":12},"end":{"line":11,"column":71}},"7":{"start":{"line":15,"column":25},"end":{"line":15,"column":89}},"8":{"start":{"line":18,"column":10},"end":{"line":21,"column":13}},"9":{"start":{"line":23,"column":10},"end":{"line":23,"column":59}},"10":{"start":{"line":28,"column":29},"end":{"line":28,"column":39}},"11":{"start":{"line":30,"column":8},"end":{"line":42,"column":9}},"12":{"start":{"line":32,"column":23},"end":{"line":32,"column":65}},"13":{"start":{"line":33,"column":10},"end":{"line":35,"column":11}},"14":{"start":{"line":34,"column":12},"end":{"line":34,"column":71}},"15":{"start":{"line":38,"column":27},"end":{"line":38,"column":73}},"16":{"start":{"line":39,"column":10},"end":{"line":39,"column":41}},"17":{"start":{"line":41,"column":10},"end":{"line":41,"column":59}},"18":{"start":{"line":47,"column":2},"end":{"line":47,"column":42}}},"fnMap":{"0":{"name":"createStatusController","decl":{"start":{"line":1,"column":9},"end":{"line":1,"column":31}},"loc":{"start":{"line":1,"column":60},"end":{"line":45,"column":3}},"line":1},"1":{"name":"(anonymous_1)","decl":{"start":{"line":3,"column":6},"end":{"line":3,"column":7}},"loc":{"start":{"line":3,"column":35},"end":{"line":25,"column":7}},"line":3},"2":{"name":"(anonymous_2)","decl":{"start":{"line":27,"column":6},"end":{"line":27,"column":7}},"loc":{"start":{"line":27,"column":39},"end":{"line":43,"column":7}},"line":27}},"branchMap":{"0":{"loc":{"start":{"line":10,"column":10},"end":{"line":12,"column":11}},"type":"if","locations":[{"start":{"line":10,"column":10},"end":{"line":12,"column":11}},{"start":{},"end":{}}],"line":10},"1":{"loc":{"start":{"line":33,"column":10},"end":{"line":35,"column":11}},"type":"if","locations":[{"start":{"line":33,"column":10},"end":{"line":35,"column":11}},{"start":{},"end":{}}],"line":33}},"s":{"0":2,"1":2,"2":2,"3":2,"4":2,"5":2,"6":1,"7":1,"8":1,"9":0,"10":0,"11":0,"12":0,"13":0,"14":0,"15":0,"16":0,"17":0,"18":1},"f":{"0":2,"1":2,"2":0},"b":{"0":[1,1],"1":[0,0]},"_coverageSchema":"1a1c01bbd47fc00a2c39e90264f33305004495a9","hash":"82de17b3d815e7eb7c22437b8c3923024cd1c8bf"}
,"/home/prosper/Desktop/Last_Fall/FSE/team_project/f24-fse-rw-project-rw1/src/controllers/UserController.js": {"path":"/home/prosper/Desktop/Last_Fall/FSE/team_project/f24-fse-rw-project-rw1/src/controllers/UserController.js","statementMap":{"0":{"start":{"line":1,"column":12},"end":{"line":1,"column":35}},"1":{"start":{"line":4,"column":2},"end":{"line":55,"column":4}},"2":{"start":{"line":6,"column":6},"end":{"line":6,"column":76}},"3":{"start":{"line":10,"column":37},"end":{"line":10,"column":45}},"4":{"start":{"line":11,"column":6},"end":{"line":25,"column":7}},"5":{"start":{"line":12,"column":27},"end":{"line":12,"column":69}},"6":{"start":{"line":13,"column":8},"end":{"line":15,"column":9}},"7":{"start":{"line":14,"column":10},"end":{"line":14,"column":78}},"8":{"start":{"line":17,"column":21},"end":{"line":17,"column":73}},"9":{"start":{"line":18,"column":8},"end":{"line":22,"column":11}},"10":{"start":{"line":24,"column":8},"end":{"line":24,"column":57}},"11":{"start":{"line":29,"column":37},"end":{"line":29,"column":45}},"12":{"start":{"line":30,"column":6},"end":{"line":44,"column":7}},"13":{"start":{"line":31,"column":21},"end":{"line":31,"column":63}},"14":{"start":{"line":33,"column":8},"end":{"line":41,"column":9}},"15":{"start":{"line":34,"column":10},"end":{"line":38,"column":13}},"16":{"start":{"line":40,"column":10},"end":{"line":40,"column":76}},"17":{"start":{"line":43,"column":8},"end":{"line":43,"column":57}},"18":{"start":{"line":48,"column":6},"end":{"line":53,"column":7}},"19":{"start":{"line":49,"column":22},"end":{"line":49,"column":53}},"20":{"start":{"line":50,"column":8},"end":{"line":50,"column":24}},"21":{"start":{"line":52,"column":8},"end":{"line":52,"column":88}},"22":{"start":{"line":58,"column":0},"end":{"line":58,"column":38}}},"fnMap":{"0":{"name":"createUserController","decl":{"start":{"line":3,"column":9},"end":{"line":3,"column":29}},"loc":{"start":{"line":3,"column":43},"end":{"line":56,"column":1}},"line":3},"1":{"name":"(anonymous_1)","decl":{"start":{"line":5,"column":4},"end":{"line":5,"column":5}},"loc":{"start":{"line":5,"column":22},"end":{"line":7,"column":5}},"line":5},"2":{"name":"(anonymous_2)","decl":{"start":{"line":9,"column":4},"end":{"line":9,"column":5}},"loc":{"start":{"line":9,"column":29},"end":{"line":26,"column":5}},"line":9},"3":{"name":"(anonymous_3)","decl":{"start":{"line":28,"column":4},"end":{"line":28,"column":5}},"loc":{"start":{"line":28,"column":26},"end":{"line":45,"column":5}},"line":28},"4":{"name":"(anonymous_4)","decl":{"start":{"line":47,"column":4},"end":{"line":47,"column":5}},"loc":{"start":{"line":47,"column":32},"end":{"line":54,"column":5}},"line":47}},"branchMap":{"0":{"loc":{"start":{"line":13,"column":8},"end":{"line":15,"column":9}},"type":"if","locations":[{"start":{"line":13,"column":8},"end":{"line":15,"column":9}},{"start":{},"end":{}}],"line":13},"1":{"loc":{"start":{"line":33,"column":8},"end":{"line":41,"column":9}},"type":"if","locations":[{"start":{"line":33,"column":8},"end":{"line":41,"column":9}},{"start":{"line":39,"column":15},"end":{"line":41,"column":9}}],"line":33},"2":{"loc":{"start":{"line":33,"column":12},"end":{"line":33,"column":78}},"type":"binary-expr","locations":[{"start":{"line":33,"column":12},"end":{"line":33,"column":16}},{"start":{"line":33,"column":21},"end":{"line":33,"column":77}}],"line":33}},"s":{"0":1,"1":2,"2":1,"3":2,"4":2,"5":2,"6":2,"7":1,"8":1,"9":1,"10":0,"11":0,"12":0,"13":0,"14":0,"15":0,"16":0,"17":0,"18":0,"19":0,"20":0,"21":0,"22":1},"f":{"0":2,"1":1,"2":2,"3":0,"4":0},"b":{"0":[1,1],"1":[0,0],"2":[0,0]},"_coverageSchema":"1a1c01bbd47fc00a2c39e90264f33305004495a9","hash":"63a82de3f5bd4467bfadecb6bede115f34bbcb3e"}
,"/home/prosper/Desktop/Last_Fall/FSE/team_project/f24-fse-rw-project-rw1/src/models/Message.js": {"path":"/home/prosper/Desktop/Last_Fall/FSE/team_project/f24-fse-rw-project-rw1/src/models/Message.js","statementMap":{"0":{"start":{"line":1,"column":17},"end":{"line":1,"column":36}},"1":{"start":{"line":3,"column":22},"end":{"line":9,"column":1}},"2":{"start":{"line":11,"column":0},"end":{"line":11,"column":90}},"3":{"start":{"line":11,"column":45},"end":{"line":11,"column":87}}},"fnMap":{"0":{"name":"(anonymous_0)","decl":{"start":{"line":11,"column":29},"end":{"line":11,"column":30}},"loc":{"start":{"line":11,"column":45},"end":{"line":11,"column":87}},"line":11}},"branchMap":{},"s":{"0":1,"1":1,"2":1,"3":1},"f":{"0":1},"b":{},"_coverageSchema":"1a1c01bbd47fc00a2c39e90264f33305004495a9","hash":"433762519d9cf8c008c17704b857604518ebc508"}
,"/home/prosper/Desktop/Last_Fall/FSE/team_project/f24-fse-rw-project-rw1/src/models/PrivateMessage.js": {"path":"/home/prosper/Desktop/Last_Fall/FSE/team_project/f24-fse-rw-project-rw1/src/models/PrivateMessage.js","statementMap":{"0":{"start":{"line":2,"column":17},"end":{"line":2,"column":36}},"1":{"start":{"line":3,"column":29},"end":{"line":10,"column":1}},"2":{"start":{"line":12,"column":0},"end":{"line":12,"column":104}},"3":{"start":{"line":12,"column":45},"end":{"line":12,"column":101}}},"fnMap":{"0":{"name":"(anonymous_0)","decl":{"start":{"line":12,"column":29},"end":{"line":12,"column":30}},"loc":{"start":{"line":12,"column":45},"end":{"line":12,"column":101}},"line":12}},"branchMap":{},"s":{"0":1,"1":1,"2":1,"3":1},"f":{"0":1},"b":{},"_coverageSchema":"1a1c01bbd47fc00a2c39e90264f33305004495a9","hash":"c10176178c9b26212b0f8e1e168ad4bb884c5891"}
,"/home/prosper/Desktop/Last_Fall/FSE/team_project/f24-fse-rw-project-rw1/src/models/Status.js": {"path":"/home/prosper/Desktop/Last_Fall/FSE/team_project/f24-fse-rw-project-rw1/src/models/Status.js","statementMap":{"0":{"start":{"line":2,"column":17},"end":{"line":2,"column":36}},"1":{"start":{"line":3,"column":21},"end":{"line":10,"column":1}},"2":{"start":{"line":13,"column":0},"end":{"line":13,"column":88}},"3":{"start":{"line":13,"column":45},"end":{"line":13,"column":85}}},"fnMap":{"0":{"name":"(anonymous_0)","decl":{"start":{"line":13,"column":29},"end":{"line":13,"column":30}},"loc":{"start":{"line":13,"column":45},"end":{"line":13,"column":85}},"line":13}},"branchMap":{},"s":{"0":1,"1":1,"2":1,"3":1},"f":{"0":1},"b":{},"_coverageSchema":"1a1c01bbd47fc00a2c39e90264f33305004495a9","hash":"60b040ddedca12d91fc67ba5235aa32f76029db4"}
,"/home/prosper/Desktop/Last_Fall/FSE/team_project/f24-fse-rw-project-rw1/src/models/User.js": {"path":"/home/prosper/Desktop/Last_Fall/FSE/team_project/f24-fse-rw-project-rw1/src/models/User.js","statementMap":{"0":{"start":{"line":2,"column":17},"end":{"line":2,"column":36}},"1":{"start":{"line":3,"column":19},"end":{"line":9,"column":1}},"2":{"start":{"line":12,"column":0},"end":{"line":12,"column":84}},"3":{"start":{"line":12,"column":45},"end":{"line":12,"column":81}}},"fnMap":{"0":{"name":"(anonymous_0)","decl":{"start":{"line":12,"column":29},"end":{"line":12,"column":30}},"loc":{"start":{"line":12,"column":45},"end":{"line":12,"column":81}},"line":12}},"branchMap":{},"s":{"0":1,"1":1,"2":1,"3":1},"f":{"0":1},"b":{},"_coverageSchema":"1a1c01bbd47fc00a2c39e90264f33305004495a9","hash":"6cce17d7d322ed693e0420dd0af2441e4414acc2"}
,"/home/prosper/Desktop/Last_Fall/FSE/team_project/f24-fse-rw-project-rw1/src/services/MessageService.js": {"path":"/home/prosper/Desktop/Last_Fall/FSE/team_project/f24-fse-rw-project-rw1/src/services/MessageService.js","statementMap":{"0":{"start":{"line":1,"column":38},"end":{"line":1,"column":66}},"1":{"start":{"line":4,"column":25},"end":{"line":4,"column":52}},"2":{"start":{"line":7,"column":4},"end":{"line":26,"column":6}},"3":{"start":{"line":9,"column":21},"end":{"line":9,"column":58}},"4":{"start":{"line":11,"column":8},"end":{"line":13,"column":9}},"5":{"start":{"line":12,"column":10},"end":{"line":12,"column":49}},"6":{"start":{"line":15,"column":24},"end":{"line":15,"column":46}},"7":{"start":{"line":16,"column":8},"end":{"line":16,"column":36}},"8":{"start":{"line":20,"column":8},"end":{"line":20,"column":86}},"9":{"start":{"line":24,"column":8},"end":{"line":24,"column":70}},"10":{"start":{"line":29,"column":2},"end":{"line":29,"column":40}}},"fnMap":{"0":{"name":"createMessageService","decl":{"start":{"line":3,"column":9},"end":{"line":3,"column":29}},"loc":{"start":{"line":3,"column":55},"end":{"line":27,"column":3}},"line":3},"1":{"name":"(anonymous_1)","decl":{"start":{"line":8,"column":6},"end":{"line":8,"column":7}},"loc":{"start":{"line":8,"column":32},"end":{"line":17,"column":7}},"line":8},"2":{"name":"(anonymous_2)","decl":{"start":{"line":19,"column":6},"end":{"line":19,"column":7}},"loc":{"start":{"line":19,"column":38},"end":{"line":21,"column":7}},"line":19},"3":{"name":"(anonymous_3)","decl":{"start":{"line":23,"column":6},"end":{"line":23,"column":7}},"loc":{"start":{"line":23,"column":29},"end":{"line":25,"column":7}},"line":23}},"branchMap":{"0":{"loc":{"start":{"line":11,"column":8},"end":{"line":13,"column":9}},"type":"if","locations":[{"start":{"line":11,"column":8},"end":{"line":13,"column":9}},{"start":{},"end":{}}],"line":11}},"s":{"0":1,"1":1,"2":1,"3":6,"4":6,"5":1,"6":5,"7":5,"8":1,"9":1,"10":1},"f":{"0":1,"1":6,"2":1,"3":1},"b":{"0":[1,5]},"_coverageSchema":"1a1c01bbd47fc00a2c39e90264f33305004495a9","hash":"7eef07658d5d838d475a02399a3a1eb8f018a413"}
,"/home/prosper/Desktop/Last_Fall/FSE/team_project/f24-fse-rw-project-rw1/src/services/PrivateMessageService.js": {"path":"/home/prosper/Desktop/Last_Fall/FSE/team_project/f24-fse-rw-project-rw1/src/services/PrivateMessageService.js","statementMap":{"0":{"start":{"line":3,"column":47},"end":{"line":3,"column":82}},"1":{"start":{"line":4,"column":30},"end":{"line":4,"column":64}},"2":{"start":{"line":6,"column":2},"end":{"line":48,"column":4}},"3":{"start":{"line":8,"column":6},"end":{"line":8,"column":52}},"4":{"start":{"line":12,"column":6},"end":{"line":17,"column":73}},"5":{"start":{"line":21,"column":6},"end":{"line":29,"column":40}},"6":{"start":{"line":33,"column":23},"end":{"line":38,"column":72}},"7":{"start":{"line":40,"column":26},"end":{"line":40,"column":35}},"8":{"start":{"line":41,"column":6},"end":{"line":44,"column":9}},"9":{"start":{"line":42,"column":8},"end":{"line":42,"column":49}},"10":{"start":{"line":43,"column":8},"end":{"line":43,"column":51}},"11":{"start":{"line":46,"column":6},"end":{"line":46,"column":37}},"12":{"start":{"line":51,"column":0},"end":{"line":51,"column":45}}},"fnMap":{"0":{"name":"createPrivateMessageService","decl":{"start":{"line":2,"column":9},"end":{"line":2,"column":36}},"loc":{"start":{"line":2,"column":49},"end":{"line":49,"column":1}},"line":2},"1":{"name":"(anonymous_1)","decl":{"start":{"line":7,"column":4},"end":{"line":7,"column":5}},"loc":{"start":{"line":7,"column":30},"end":{"line":9,"column":5}},"line":7},"2":{"name":"(anonymous_2)","decl":{"start":{"line":11,"column":4},"end":{"line":11,"column":5}},"loc":{"start":{"line":11,"column":56},"end":{"line":18,"column":5}},"line":11},"3":{"name":"(anonymous_3)","decl":{"start":{"line":20,"column":4},"end":{"line":20,"column":5}},"loc":{"start":{"line":20,"column":49},"end":{"line":30,"column":5}},"line":20},"4":{"name":"(anonymous_4)","decl":{"start":{"line":32,"column":4},"end":{"line":32,"column":5}},"loc":{"start":{"line":32,"column":39},"end":{"line":47,"column":5}},"line":32},"5":{"name":"(anonymous_5)","decl":{"start":{"line":41,"column":23},"end":{"line":41,"column":24}},"loc":{"start":{"line":41,"column":36},"end":{"line":44,"column":7}},"line":41}},"branchMap":{},"s":{"0":1,"1":1,"2":1,"3":7,"4":1,"5":1,"6":1,"7":1,"8":1,"9":2,"10":2,"11":1,"12":1},"f":{"0":1,"1":7,"2":1,"3":1,"4":1,"5":2},"b":{},"_coverageSchema":"1a1c01bbd47fc00a2c39e90264f33305004495a9","hash":"3093edbc005c449ddd4ccf0799c05207959daf12"}
,"/home/prosper/Desktop/Last_Fall/FSE/team_project/f24-fse-rw-project-rw1/src/services/StatusService.js": {"path":"/home/prosper/Desktop/Last_Fall/FSE/team_project/f24-fse-rw-project-rw1/src/services/StatusService.js","statementMap":{"0":{"start":{"line":3,"column":39},"end":{"line":3,"column":66}},"1":{"start":{"line":4,"column":22},"end":{"line":4,"column":48}},"2":{"start":{"line":6,"column":24},"end":{"line":6,"column":96}},"3":{"start":{"line":8,"column":2},"end":{"line":20,"column":4}},"4":{"start":{"line":10,"column":6},"end":{"line":12,"column":7}},"5":{"start":{"line":11,"column":8},"end":{"line":11,"column":130}},"6":{"start":{"line":14,"column":6},"end":{"line":14,"column":78}},"7":{"start":{"line":18,"column":6},"end":{"line":18,"column":78}},"8":{"start":{"line":23,"column":0},"end":{"line":23,"column":37}}},"fnMap":{"0":{"name":"createStatusService","decl":{"start":{"line":2,"column":9},"end":{"line":2,"column":28}},"loc":{"start":{"line":2,"column":41},"end":{"line":21,"column":1}},"line":2},"1":{"name":"(anonymous_1)","decl":{"start":{"line":9,"column":4},"end":{"line":9,"column":5}},"loc":{"start":{"line":9,"column":60},"end":{"line":15,"column":5}},"line":9},"2":{"name":"(anonymous_2)","decl":{"start":{"line":17,"column":4},"end":{"line":17,"column":5}},"loc":{"start":{"line":17,"column":35},"end":{"line":19,"column":5}},"line":17}},"branchMap":{"0":{"loc":{"start":{"line":9,"column":43},"end":{"line":9,"column":58}},"type":"default-arg","locations":[{"start":{"line":9,"column":54},"end":{"line":9,"column":58}}],"line":9},"1":{"loc":{"start":{"line":10,"column":6},"end":{"line":12,"column":7}},"type":"if","locations":[{"start":{"line":10,"column":6},"end":{"line":12,"column":7}},{"start":{},"end":{}}],"line":10}},"s":{"0":1,"1":1,"2":1,"3":1,"4":4,"5":1,"6":3,"7":2,"8":1},"f":{"0":1,"1":4,"2":2},"b":{"0":[1],"1":[1,3]},"_coverageSchema":"1a1c01bbd47fc00a2c39e90264f33305004495a9","hash":"77353d2f4dc7e7c44be56b8217a8881bfb2616f0"}
,"/home/prosper/Desktop/Last_Fall/FSE/team_project/f24-fse-rw-project-rw1/src/services/UserService.js": {"path":"/home/prosper/Desktop/Last_Fall/FSE/team_project/f24-fse-rw-project-rw1/src/services/UserService.js","statementMap":{"0":{"start":{"line":1,"column":15},"end":{"line":1,"column":34}},"1":{"start":{"line":2,"column":35},"end":{"line":2,"column":60}},"2":{"start":{"line":5,"column":22},"end":{"line":5,"column":46}},"3":{"start":{"line":7,"column":2},"end":{"line":31,"column":4}},"4":{"start":{"line":9,"column":19},"end":{"line":9,"column":43}},"5":{"start":{"line":10,"column":6},"end":{"line":10,"column":61}},"6":{"start":{"line":11,"column":19},"end":{"line":11,"column":38}},"7":{"start":{"line":12,"column":6},"end":{"line":12,"column":31}},"8":{"start":{"line":16,"column":6},"end":{"line":16,"column":51}},"9":{"start":{"line":20,"column":8},"end":{"line":20,"column":43}},"10":{"start":{"line":21,"column":6},"end":{"line":21,"column":62}},"11":{"start":{"line":25,"column":6},"end":{"line":25,"column":67}},"12":{"start":{"line":29,"column":6},"end":{"line":29,"column":58}},"13":{"start":{"line":34,"column":0},"end":{"line":34,"column":35}}},"fnMap":{"0":{"name":"createUserService","decl":{"start":{"line":4,"column":9},"end":{"line":4,"column":26}},"loc":{"start":{"line":4,"column":39},"end":{"line":32,"column":1}},"line":4},"1":{"name":"(anonymous_1)","decl":{"start":{"line":8,"column":4},"end":{"line":8,"column":5}},"loc":{"start":{"line":8,"column":27},"end":{"line":13,"column":5}},"line":8},"2":{"name":"(anonymous_2)","decl":{"start":{"line":15,"column":4},"end":{"line":15,"column":5}},"loc":{"start":{"line":15,"column":35},"end":{"line":17,"column":5}},"line":15},"3":{"name":"(anonymous_3)","decl":{"start":{"line":19,"column":4},"end":{"line":19,"column":5}},"loc":{"start":{"line":19,"column":23},"end":{"line":22,"column":5}},"line":19},"4":{"name":"(anonymous_4)","decl":{"start":{"line":24,"column":4},"end":{"line":24,"column":5}},"loc":{"start":{"line":24,"column":57},"end":{"line":26,"column":5}},"line":24},"5":{"name":"(anonymous_5)","decl":{"start":{"line":28,"column":4},"end":{"line":28,"column":5}},"loc":{"start":{"line":28,"column":24},"end":{"line":30,"column":5}},"line":28}},"branchMap":{},"s":{"0":1,"1":1,"2":1,"3":1,"4":38,"5":38,"6":38,"7":38,"8":1,"9":6,"10":6,"11":2,"12":1,"13":1},"f":{"0":1,"1":38,"2":1,"3":6,"4":2,"5":1},"b":{},"_coverageSchema":"1a1c01bbd47fc00a2c39e90264f33305004495a9","hash":"685bcf31020efcc24fe98674f0cc07f25909dddc"}
,"/home/prosper/Desktop/Last_Fall/FSE/team_project/f24-fse-rw-project-rw1/src/tests/testDbConnection.js": {"path":"/home/prosper/Desktop/Last_Fall/FSE/team_project/f24-fse-rw-project-rw1/src/tests/testDbConnection.js","statementMap":{"0":{"start":{"line":1,"column":17},"end":{"line":1,"column":36}},"1":{"start":{"line":2,"column":30},"end":{"line":2,"column":62}},"2":{"start":{"line":7,"column":2},"end":{"line":7,"column":49}},"3":{"start":{"line":8,"column":19},"end":{"line":8,"column":39}},"4":{"start":{"line":11,"column":23},"end":{"line":11,"column":46}},"5":{"start":{"line":13,"column":2},"end":{"line":16,"column":5}},"6":{"start":{"line":18,"column":2},"end":{"line":18,"column":22}},"7":{"start":{"line":22,"column":2},"end":{"line":22,"column":34}},"8":{"start":{"line":23,"column":2},"end":{"line":23,"column":27}},"9":{"start":{"line":27,"column":22},"end":{"line":27,"column":57}},"10":{"start":{"line":28,"column":2},"end":{"line":30,"column":3}},"11":{"start":{"line":29,"column":4},"end":{"line":29,"column":40}},"12":{"start":{"line":33,"column":0},"end":{"line":37,"column":2}}},"fnMap":{"0":{"name":"connectTestDatabase","decl":{"start":{"line":6,"column":15},"end":{"line":6,"column":34}},"loc":{"start":{"line":6,"column":37},"end":{"line":19,"column":1}},"line":6},"1":{"name":"disconnectTestDatabase","decl":{"start":{"line":21,"column":15},"end":{"line":21,"column":37}},"loc":{"start":{"line":21,"column":52},"end":{"line":24,"column":1}},"line":21},"2":{"name":"clearTestDatabase","decl":{"start":{"line":26,"column":15},"end":{"line":26,"column":32}},"loc":{"start":{"line":26,"column":47},"end":{"line":31,"column":1}},"line":26}},"branchMap":{},"s":{"0":1,"1":1,"2":1,"3":1,"4":1,"5":1,"6":1,"7":1,"8":1,"9":17,"10":17,"11":68,"12":1},"f":{"0":1,"1":1,"2":17},"b":{},"_coverageSchema":"1a1c01bbd47fc00a2c39e90264f33305004495a9","hash":"920a836b6f54f4330c2258dd71d595c240575b6f"}
}
