TN:
SF:src/models/Message.js
FN:11,(anonymous_0)
FNF:1
FNH:1
FNDA:1,(anonymous_0)
DA:1,1
DA:3,1
DA:11,1
LF:3
LH:3
BRF:0
BRH:0
end_of_record
TN:
SF:src/models/User.js
FN:12,(anonymous_0)
FNF:1
FNH:1
FNDA:1,(anonymous_0)
DA:2,1
DA:3,1
DA:12,1
LF:3
LH:3
BRF:0
BRH:0
end_of_record
TN:
SF:src/services/MessageService.js
FN:3,createMessageService
FN:8,(anonymous_1)
FN:19,(anonymous_2)
FN:23,(anonymous_3)
FNF:4
FNH:4
FNDA:1,createMessageService
FNDA:6,(anonymous_1)
FNDA:1,(anonymous_2)
FNDA:1,(anonymous_3)
DA:1,1
DA:4,1
DA:7,1
DA:9,6
DA:11,6
DA:12,1
DA:15,5
DA:16,5
DA:20,1
DA:24,1
DA:29,1
LF:11
LH:11
BRDA:11,0,0,1
BRDA:11,0,1,5
BRF:2
BRH:2
end_of_record
TN:
SF:src/services/UserService.js
FN:4,createUserService
FN:8,(anonymous_1)
FN:15,(anonymous_2)
FN:19,(anonymous_3)
FN:23,(anonymous_4)
FN:27,(anonymous_5)
FNF:6
FNH:6
FNDA:1,createUserService
FNDA:12,(anonymous_1)
FNDA:1,(anonymous_2)
FNDA:6,(anonymous_3)
FNDA:2,(anonymous_4)
FNDA:1,(anonymous_5)
DA:1,1
DA:2,1
DA:5,1
DA:7,1
DA:9,12
DA:10,12
DA:11,12
DA:12,12
DA:16,1
DA:20,6
DA:24,2
DA:28,1
DA:33,1
LF:13
LH:13
BRF:0
BRH:0
end_of_record
TN:
SF:src/tests/testDbConnection.js
FN:6,connectTestDatabase
FN:21,disconnectTestDatabase
FN:26,clearTestDatabase
FNF:3
FNH:3
FNDA:1,connectTestDatabase
FNDA:1,disconnectTestDatabase
FNDA:9,clearTestDatabase
DA:1,1
DA:2,1
DA:7,1
DA:8,1
DA:11,1
DA:13,1
DA:18,1
DA:22,1
DA:23,1
DA:27,9
DA:28,9
DA:29,18
DA:33,1
LF:13
LH:13
BRF:0
BRH:0
end_of_record
