TN:
SF:src/controllers/ChatPrivatelyController.js
FN:1,createChatPrivatelyController
FN:3,(anonymous_1)
FN:26,(anonymous_2)
FN:55,(anonymous_3)
FN:59,(anonymous_4)
FN:78,(anonymous_5)
FN:97,(anonymous_6)
FNF:7
FNH:2
FNDA:2,createChatPrivatelyController
FNDA:2,(anonymous_1)
FNDA:0,(anonymous_2)
FNDA:0,(anonymous_3)
FNDA:0,(anonymous_4)
FNDA:0,(anonymous_5)
FNDA:0,(anonymous_6)
DA:2,2
DA:4,2
DA:6,2
DA:7,2
DA:8,2
DA:10,2
DA:11,0
DA:14,2
DA:16,2
DA:17,1
DA:19,1
DA:22,0
DA:27,0
DA:29,0
DA:30,0
DA:31,0
DA:33,0
DA:34,0
DA:37,0
DA:44,0
DA:46,0
DA:51,0
DA:56,0
DA:60,0
DA:62,0
DA:63,0
DA:64,0
DA:66,0
DA:67,0
DA:70,0
DA:72,0
DA:74,0
DA:79,0
DA:81,0
DA:82,0
DA:83,0
DA:85,0
DA:86,0
DA:89,0
DA:91,0
DA:93,0
DA:98,0
DA:100,0
DA:101,0
DA:102,0
DA:103,0
DA:106,0
DA:108,0
DA:110,0
DA:116,1
LF:50
LH:11
BRDA:10,0,0,0
BRDA:10,0,1,2
BRDA:10,1,0,2
BRDA:10,1,1,2
BRDA:16,2,0,1
BRDA:16,2,1,1
BRDA:33,3,0,0
BRDA:33,3,1,0
BRDA:33,4,0,0
BRDA:33,4,1,0
BRDA:66,5,0,0
BRDA:66,5,1,0
BRDA:66,6,0,0
BRDA:66,6,1,0
BRDA:85,7,0,0
BRDA:85,7,1,0
BRDA:85,8,0,0
BRDA:85,8,1,0
BRDA:102,9,0,0
BRDA:102,9,1,0
BRF:20
BRH:5
end_of_record
TN:
SF:src/controllers/MessageController.js
FN:1,createMessageController
FN:3,(anonymous_1)
FN:35,(anonymous_2)
FN:36,(anonymous_3)
FN:41,(anonymous_4)
FN:51,(anonymous_5)
FNF:6
FNH:3
FNDA:2,createMessageController
FNDA:2,(anonymous_1)
FNDA:1,(anonymous_2)
FNDA:0,(anonymous_3)
FNDA:0,(anonymous_4)
FNDA:0,(anonymous_5)
DA:2,2
DA:4,2
DA:5,2
DA:6,2
DA:8,2
DA:9,1
DA:12,1
DA:13,1
DA:18,1
DA:23,1
DA:25,1
DA:30,0
DA:36,1
DA:37,0
DA:42,0
DA:43,0
DA:44,0
DA:45,0
DA:47,0
DA:52,0
DA:53,0
DA:54,0
DA:56,0
DA:62,1
LF:24
LH:13
BRDA:8,0,0,1
BRDA:8,0,1,1
BRDA:43,1,0,0
BRDA:43,1,1,0
BRF:4
BRH:2
end_of_record
TN:
SF:src/controllers/StatusController.js
FN:1,createStatusController
FN:3,(anonymous_1)
FN:27,(anonymous_2)
FNF:3
FNH:2
FNDA:2,createStatusController
FNDA:2,(anonymous_1)
FNDA:0,(anonymous_2)
DA:2,2
DA:4,2
DA:5,2
DA:7,2
DA:9,2
DA:10,2
DA:11,1
DA:15,1
DA:18,1
DA:23,0
DA:28,0
DA:30,0
DA:32,0
DA:33,0
DA:34,0
DA:38,0
DA:39,0
DA:41,0
DA:47,1
LF:19
LH:10
BRDA:10,0,0,1
BRDA:10,0,1,1
BRDA:33,1,0,0
BRDA:33,1,1,0
BRF:4
BRH:2
end_of_record
TN:
SF:src/controllers/UserController.js
FN:3,createUserController
FN:5,(anonymous_1)
FN:9,(anonymous_2)
FN:28,(anonymous_3)
FN:47,(anonymous_4)
FNF:5
FNH:3
FNDA:2,createUserController
FNDA:1,(anonymous_1)
FNDA:2,(anonymous_2)
FNDA:0,(anonymous_3)
FNDA:0,(anonymous_4)
DA:1,1
DA:4,2
DA:6,1
DA:10,2
DA:11,2
DA:12,2
DA:13,2
DA:14,1
DA:17,1
DA:18,1
DA:24,0
DA:29,0
DA:30,0
DA:31,0
DA:33,0
DA:34,0
DA:40,0
DA:43,0
DA:48,0
DA:49,0
DA:50,0
DA:52,0
DA:58,1
LF:23
LH:11
BRDA:13,0,0,1
BRDA:13,0,1,1
BRDA:33,1,0,0
BRDA:33,1,1,0
BRDA:33,2,0,0
BRDA:33,2,1,0
BRF:6
BRH:2
end_of_record
TN:
SF:src/models/Message.js
FN:11,(anonymous_0)
FNF:1
FNH:1
FNDA:1,(anonymous_0)
DA:1,1
DA:3,1
DA:11,1
LF:3
LH:3
BRF:0
BRH:0
end_of_record
TN:
SF:src/models/PrivateMessage.js
FN:12,(anonymous_0)
FNF:1
FNH:1
FNDA:1,(anonymous_0)
DA:2,1
DA:3,1
DA:12,1
LF:3
LH:3
BRF:0
BRH:0
end_of_record
TN:
SF:src/models/Status.js
FN:13,(anonymous_0)
FNF:1
FNH:1
FNDA:1,(anonymous_0)
DA:2,1
DA:3,1
DA:13,1
LF:3
LH:3
BRF:0
BRH:0
end_of_record
TN:
SF:src/models/User.js
FN:12,(anonymous_0)
FNF:1
FNH:1
FNDA:1,(anonymous_0)
DA:2,1
DA:3,1
DA:12,1
LF:3
LH:3
BRF:0
BRH:0
end_of_record
TN:
SF:src/services/MessageService.js
FN:3,createMessageService
FN:8,(anonymous_1)
FN:19,(anonymous_2)
FN:23,(anonymous_3)
FNF:4
FNH:4
FNDA:1,createMessageService
FNDA:6,(anonymous_1)
FNDA:1,(anonymous_2)
FNDA:1,(anonymous_3)
DA:1,1
DA:4,1
DA:7,1
DA:9,6
DA:11,6
DA:12,1
DA:15,5
DA:16,5
DA:20,1
DA:24,1
DA:29,1
LF:11
LH:11
BRDA:11,0,0,1
BRDA:11,0,1,5
BRF:2
BRH:2
end_of_record
TN:
SF:src/services/PrivateMessageService.js
FN:2,createPrivateMessageService
FN:7,(anonymous_1)
FN:11,(anonymous_2)
FN:20,(anonymous_3)
FN:32,(anonymous_4)
FN:41,(anonymous_5)
FNF:6
FNH:6
FNDA:1,createPrivateMessageService
FNDA:7,(anonymous_1)
FNDA:1,(anonymous_2)
FNDA:1,(anonymous_3)
FNDA:1,(anonymous_4)
FNDA:2,(anonymous_5)
DA:3,1
DA:4,1
DA:6,1
DA:8,7
DA:12,1
DA:21,1
DA:33,1
DA:40,1
DA:41,1
DA:42,2
DA:43,2
DA:46,1
DA:51,1
LF:13
LH:13
BRF:0
BRH:0
end_of_record
TN:
SF:src/services/StatusService.js
FN:2,createStatusService
FN:9,(anonymous_1)
FN:17,(anonymous_2)
FNF:3
FNH:3
FNDA:1,createStatusService
FNDA:4,(anonymous_1)
FNDA:2,(anonymous_2)
DA:3,1
DA:4,1
DA:6,1
DA:8,1
DA:10,4
DA:11,1
DA:14,3
DA:18,2
DA:23,1
LF:9
LH:9
BRDA:9,0,0,1
BRDA:10,1,0,1
BRDA:10,1,1,3
BRF:3
BRH:3
end_of_record
TN:
SF:src/services/UserService.js
FN:4,createUserService
FN:8,(anonymous_1)
FN:15,(anonymous_2)
FN:19,(anonymous_3)
FN:24,(anonymous_4)
FN:28,(anonymous_5)
FNF:6
FNH:6
FNDA:1,createUserService
FNDA:38,(anonymous_1)
FNDA:1,(anonymous_2)
FNDA:6,(anonymous_3)
FNDA:2,(anonymous_4)
FNDA:1,(anonymous_5)
DA:1,1
DA:2,1
DA:5,1
DA:7,1
DA:9,38
DA:10,38
DA:11,38
DA:12,38
DA:16,1
DA:20,6
DA:21,6
DA:25,2
DA:29,1
DA:34,1
LF:14
LH:14
BRF:0
BRH:0
end_of_record
TN:
SF:src/tests/testDbConnection.js
FN:6,connectTestDatabase
FN:21,disconnectTestDatabase
FN:26,clearTestDatabase
FNF:3
FNH:3
FNDA:1,connectTestDatabase
FNDA:1,disconnectTestDatabase
FNDA:17,clearTestDatabase
DA:1,1
DA:2,1
DA:7,1
DA:8,1
DA:11,1
DA:13,1
DA:18,1
DA:22,1
DA:23,1
DA:27,17
DA:28,17
DA:29,68
DA:33,1
LF:13
LH:13
BRF:0
BRH:0
end_of_record
